<testsuites id="" name="" tests="5" failures="0" skipped="5" errors="0" time="9.412203">
<testsuite name="auth.setup.ts" timestamp="2024-03-07T14:48:01.290Z" hostname="setup" tests="1" failures="0" skipped="1" time="8.695" errors="0">
<testcase name="authenticate" classname="auth.setup.ts" time="8.695">
<skipped>
</skipped>
</testcase>
</testsuite>
<testsuite name="vacancy-page.spec.ts" timestamp="2024-03-07T14:48:01.290Z" hostname="chromium" tests="2" failures="0" skipped="2" time="0" errors="0">
<testcase name="Add vacancy › Log in to the application" classname="vacancy-page.spec.ts" time="0">
<skipped>
</skipped>
</testcase>
<testcase name="Add vacancy › Go to recruitment page " classname="vacancy-page.spec.ts" time="0">
<skipped>
</skipped>
</testcase>
</testsuite>
<testsuite name="vacancy-page.spec.ts" timestamp="2024-03-07T14:48:01.290Z" hostname="chromium" tests="2" failures="0" skipped="2" time="0" errors="0">
<testcase name="Add vacancy › Log in to the application" classname="vacancy-page.spec.ts" time="0">
<skipped>
</skipped>
</testcase>
<testcase name="Add vacancy › Go to recruitment page " classname="vacancy-page.spec.ts" time="0">
<skipped>
</skipped>
</testcase>
</testsuite>
</testsuites>